{"C:\\Users\\ttiti\\Downloads\\PROYECTOS CODER\\proyecto-backend1\\backend-preentrega\\src\\processData.js": {"path":"C:\\Users\\ttiti\\Downloads\\PROYECTOS CODER\\proyecto-backend1\\backend-preentrega\\src\\processData.js","statementMap":{"0":{"start":{"line":8,"column":31},"end":{"line":12,"column":1}},"1":{"start":{"line":11,"column":2},"end":{"line":11,"column":43}},"2":{"start":{"line":19,"column":27},"end":{"line":34,"column":1}},"3":{"start":{"line":20,"column":15},"end":{"line":20,"column":39}},"4":{"start":{"line":22,"column":2},"end":{"line":22,"column":41}},"5":{"start":{"line":24,"column":2},"end":{"line":33,"column":3}},"6":{"start":{"line":26,"column":6},"end":{"line":26,"column":33}},"7":{"start":{"line":28,"column":6},"end":{"line":28,"column":33}},"8":{"start":{"line":30,"column":6},"end":{"line":30,"column":48}},"9":{"start":{"line":32,"column":6},"end":{"line":32,"column":19}},"10":{"start":{"line":36,"column":24},"end":{"line":38,"column":1}}},"fnMap":{"0":{"name":"(anonymous_0)","decl":{"start":{"line":8,"column":31},"end":{"line":8,"column":32}},"loc":{"start":{"line":8,"column":41},"end":{"line":12,"column":1}},"line":8},"1":{"name":"(anonymous_1)","decl":{"start":{"line":19,"column":27},"end":{"line":19,"column":28}},"loc":{"start":{"line":19,"column":38},"end":{"line":34,"column":1}},"line":19}},"branchMap":{"0":{"loc":{"start":{"line":24,"column":2},"end":{"line":33,"column":3}},"type":"switch","locations":[{"start":{"line":25,"column":4},"end":{"line":26,"column":33}},{"start":{"line":27,"column":4},"end":{"line":28,"column":33}},{"start":{"line":29,"column":4},"end":{"line":30,"column":48}},{"start":{"line":31,"column":4},"end":{"line":32,"column":19}}],"line":24}},"s":{"0":1,"1":5,"2":1,"3":5,"4":5,"5":5,"6":1,"7":1,"8":1,"9":2,"10":1},"f":{"0":5,"1":5},"b":{"0":[1,1,1,2]},"_coverageSchema":"1a1c01bbd47fc00a2c39e90264f33305004495a9","hash":"fff9d1edcc84cd5e3b673e25993105cf73236285"}
}
